app/build/intermediates/manifest_merge_blame_file/debug/processDebugMainManifest/manifest-merger-blame-debug-report.txt
1<?xml version="1.0" encoding="utf-8"?>
2<manifest xmlns:android="http://schemas.android.com/apk/res/android"
3    package="com.nhom10.aifitnutrition"
4    android:versionCode="1"
5    android:versionName="1.0" >
6
7    <uses-sdk
8        android:minSdkVersion="29"
9        android:targetSdkVersion="35" />
10
11    <uses-permission android:name="android.permission.CAMERA" />
11-->src\main\AndroidManifest.xml:4:5-65
11-->src\main\AndroidManifest.xml:4:22-62
12    <uses-permission android:name="android.permission.INTERNET" />
12-->src\main\AndroidManifest.xml:5:5-67
12-->src\main\AndroidManifest.xml:5:22-64
13    <uses-permission
13-->src\main\AndroidManifest.xml:6:5-106
14        android:name="android.permission.READ_EXTERNAL_STORAGE"
14-->src\main\AndroidManifest.xml:6:22-77
15        android:maxSdkVersion="32" />
15-->src\main\AndroidManifest.xml:6:78-104
16    <uses-permission
16-->src\main\AndroidManifest.xml:7:5-107
17        android:name="android.permission.WRITE_EXTERNAL_STORAGE"
17-->src\main\AndroidManifest.xml:7:22-78
18        android:maxSdkVersion="28" />
18-->src\main\AndroidManifest.xml:7:79-105
19    <uses-permission android:name="android.permission.READ_MEDIA_IMAGES" />
19-->src\main\AndroidManifest.xml:8:5-76
19-->src\main\AndroidManifest.xml:8:22-73
20    <uses-permission android:name="android.permission.ACTIVITY_RECOGNITION" />
20-->src\main\AndroidManifest.xml:9:5-79
20-->src\main\AndroidManifest.xml:9:22-76
21    <uses-permission android:name="android.permission.POST_NOTIFICATIONS" />
21-->src\main\AndroidManifest.xml:10:5-77
21-->src\main\AndroidManifest.xml:10:22-74
22    <uses-permission android:name="android.permission.RECEIVE_BOOT_COMPLETED" />
22-->src\main\AndroidManifest.xml:11:5-81
22-->src\main\AndroidManifest.xml:11:22-78
23
24    <uses-feature
24-->src\main\AndroidManifest.xml:13:5-85
25        android:name="android.hardware.camera"
25-->src\main\AndroidManifest.xml:13:19-57
26        android:required="false" />
26-->src\main\AndroidManifest.xml:13:58-82
27
28    <uses-permission android:name="android.permission.WAKE_LOCK" />
28-->[androidx.work:work-runtime:2.9.0] AndroidManifest.xml:23:5-68
28-->[androidx.work:work-runtime:2.9.0] AndroidManifest.xml:23:22-65
29    <uses-permission android:name="android.permission.ACCESS_NETWORK_STATE" />
29-->[androidx.work:work-runtime:2.9.0] AndroidManifest.xml:24:5-79
29-->[androidx.work:work-runtime:2.9.0] AndroidManifest.xml:24:22-76
30    <uses-permission android:name="android.permission.FOREGROUND_SERVICE" />
30-->[androidx.work:work-runtime:2.9.0] AndroidManifest.xml:26:5-77
30-->[androidx.work:work-runtime:2.9.0] AndroidManifest.xml:26:22-74
31
32    <permission
32-->[androidx.core:core:1.13.1] AndroidManifest.xml:22:5-24:47
33        android:name="com.nhom10.aifitnutrition.DYNAMIC_RECEIVER_NOT_EXPORTED_PERMISSION"
33-->[androidx.core:core:1.13.1] AndroidManifest.xml:23:9-81
34        android:protectionLevel="signature" />
34-->[androidx.core:core:1.13.1] AndroidManifest.xml:24:9-44
35
36    <uses-permission android:name="com.nhom10.aifitnutrition.DYNAMIC_RECEIVER_NOT_EXPORTED_PERMISSION" />
36-->[androidx.core:core:1.13.1] AndroidManifest.xml:26:5-97
36-->[androidx.core:core:1.13.1] AndroidManifest.xml:26:22-94
37
38    <application
38-->src\main\AndroidManifest.xml:15:5-57:19
39        android:name="com.nhom10.aifitnutrition.App"
39-->src\main\AndroidManifest.xml:16:9-28
40        android:allowBackup="true"
40-->src\main\AndroidManifest.xml:17:9-35
41        android:appComponentFactory="androidx.core.app.CoreComponentFactory"
41-->[androidx.core:core:1.13.1] AndroidManifest.xml:28:18-86
42        android:debuggable="true"
43        android:extractNativeLibs="false"
44        android:hardwareAccelerated="true"
44-->src\main\AndroidManifest.xml:24:9-43
45        android:icon="@mipmap/ic_launcher"
45-->src\main\AndroidManifest.xml:18:9-43
46        android:label="@string/app_name"
46-->src\main\AndroidManifest.xml:20:9-41
47        android:localeConfig="@xml/locale_config"
47-->src\main\AndroidManifest.xml:22:9-50
48        android:roundIcon="@mipmap/ic_launcher_round"
48-->src\main\AndroidManifest.xml:19:9-54
49        android:supportsRtl="true"
49-->src\main\AndroidManifest.xml:21:9-35
50        android:testOnly="true"
51        android:theme="@style/Theme.AIFitNutrition" >
51-->src\main\AndroidManifest.xml:23:9-52
52        <activity
52-->src\main\AndroidManifest.xml:26:9-34:20
53            android:name="com.nhom10.aifitnutrition.ui.SplashActivity"
53-->src\main\AndroidManifest.xml:27:13-46
54            android:exported="true"
54-->src\main\AndroidManifest.xml:28:13-36
55            android:theme="@style/Theme.AIFitNutrition.Splash" >
55-->src\main\AndroidManifest.xml:29:13-63
56            <intent-filter>
56-->src\main\AndroidManifest.xml:30:13-33:29
57                <action android:name="android.intent.action.MAIN" />
57-->src\main\AndroidManifest.xml:31:17-69
57-->src\main\AndroidManifest.xml:31:25-66
58
59                <category android:name="android.intent.category.LAUNCHER" />
59-->src\main\AndroidManifest.xml:32:17-77
59-->src\main\AndroidManifest.xml:32:27-74
60            </intent-filter>
61        </activity>
62        <activity
62-->src\main\AndroidManifest.xml:36:9-39:59
63            android:name="com.nhom10.aifitnutrition.ui.onboarding.OnboardingActivity"
63-->src\main\AndroidManifest.xml:37:13-61
64            android:exported="false"
64-->src\main\AndroidManifest.xml:38:13-37
65            android:theme="@style/Theme.AIFitNutrition" />
65-->src\main\AndroidManifest.xml:39:13-56
66        <activity
66-->src\main\AndroidManifest.xml:41:9-45:57
67            android:name="com.nhom10.aifitnutrition.ui.MainActivity"
67-->src\main\AndroidManifest.xml:42:13-44
68            android:exported="false"
68-->src\main\AndroidManifest.xml:43:13-37
69            android:theme="@style/Theme.AIFitNutrition"
69-->src\main\AndroidManifest.xml:44:13-56
70            android:windowSoftInputMode="adjustResize" />
70-->src\main\AndroidManifest.xml:45:13-55
71
72        <provider
73            android:name="androidx.core.content.FileProvider"
73-->src\main\AndroidManifest.xml:48:13-62
74            android:authorities="com.nhom10.aifitnutrition.fileprovider"
74-->src\main\AndroidManifest.xml:49:13-64
75            android:exported="false"
75-->src\main\AndroidManifest.xml:50:13-37
76            android:grantUriPermissions="true" >
76-->src\main\AndroidManifest.xml:51:13-47
77            <meta-data
77-->src\main\AndroidManifest.xml:52:13-54:54
78                android:name="android.support.FILE_PROVIDER_PATHS"
78-->src\main\AndroidManifest.xml:53:17-67
79                android:resource="@xml/file_paths" />
79-->src\main\AndroidManifest.xml:54:17-51
80        </provider>
81
82        <service
82-->[androidx.camera:camera-camera2:1.3.3] AndroidManifest.xml:24:9-33:19
83            android:name="androidx.camera.core.impl.MetadataHolderService"
83-->[androidx.camera:camera-camera2:1.3.3] AndroidManifest.xml:25:13-75
84            android:enabled="false"
84-->[androidx.camera:camera-camera2:1.3.3] AndroidManifest.xml:26:13-36
85            android:exported="false" >
85-->[androidx.camera:camera-camera2:1.3.3] AndroidManifest.xml:27:13-37
86            <meta-data
86-->[androidx.camera:camera-camera2:1.3.3] AndroidManifest.xml:30:13-32:89
87                android:name="androidx.camera.core.impl.MetadataHolderService.DEFAULT_CONFIG_PROVIDER"
87-->[androidx.camera:camera-camera2:1.3.3] AndroidManifest.xml:31:17-103
88                android:value="androidx.camera.camera2.Camera2Config$DefaultProvider" />
88-->[androidx.camera:camera-camera2:1.3.3] AndroidManifest.xml:32:17-86
89        </service>
90
91        <provider
91-->[androidx.emoji2:emoji2:1.3.0] AndroidManifest.xml:24:9-32:20
92            android:name="androidx.startup.InitializationProvider"
92-->[androidx.emoji2:emoji2:1.3.0] AndroidManifest.xml:25:13-67
93            android:authorities="com.nhom10.aifitnutrition.androidx-startup"
93-->[androidx.emoji2:emoji2:1.3.0] AndroidManifest.xml:26:13-68
94            android:exported="false" >
94-->[androidx.emoji2:emoji2:1.3.0] AndroidManifest.xml:27:13-37
95            <meta-data
95-->[androidx.emoji2:emoji2:1.3.0] AndroidManifest.xml:29:13-31:52
96                android:name="androidx.emoji2.text.EmojiCompatInitializer"
96-->[androidx.emoji2:emoji2:1.3.0] AndroidManifest.xml:30:17-75
97                android:value="androidx.startup" />
97-->[androidx.emoji2:emoji2:1.3.0] AndroidManifest.xml:31:17-49
98            <meta-data
98-->[androidx.work:work-runtime:2.9.0] AndroidManifest.xml:34:13-36:52
99                android:name="androidx.work.WorkManagerInitializer"
99-->[androidx.work:work-runtime:2.9.0] AndroidManifest.xml:35:17-68
100                android:value="androidx.startup" />
100-->[androidx.work:work-runtime:2.9.0] AndroidManifest.xml:36:17-49
101            <meta-data
101-->[androidx.lifecycle:lifecycle-process:2.8.2] AndroidManifest.xml:29:13-31:52
102                android:name="androidx.lifecycle.ProcessLifecycleInitializer"
102-->[androidx.lifecycle:lifecycle-process:2.8.2] AndroidManifest.xml:30:17-78
103                android:value="androidx.startup" />
103-->[androidx.lifecycle:lifecycle-process:2.8.2] AndroidManifest.xml:31:17-49
104            <meta-data
104-->[androidx.profileinstaller:profileinstaller:1.3.1] AndroidManifest.xml:29:13-31:52
105                android:name="androidx.profileinstaller.ProfileInstallerInitializer"
105-->[androidx.profileinstaller:profileinstaller:1.3.1] AndroidManifest.xml:30:17-85
106                android:value="androidx.startup" />
106-->[androidx.profileinstaller:profileinstaller:1.3.1] AndroidManifest.xml:31:17-49
107        </provider>
108
109        <service
109-->[androidx.work:work-runtime:2.9.0] AndroidManifest.xml:39:9-45:35
110            android:name="androidx.work.impl.background.systemalarm.SystemAlarmService"
110-->[androidx.work:work-runtime:2.9.0] AndroidManifest.xml:40:13-88
111            android:directBootAware="false"
111-->[androidx.work:work-runtime:2.9.0] AndroidManifest.xml:41:13-44
112            android:enabled="@bool/enable_system_alarm_service_default"
112-->[androidx.work:work-runtime:2.9.0] AndroidManifest.xml:42:13-72
113            android:exported="false" />
113-->[androidx.work:work-runtime:2.9.0] AndroidManifest.xml:43:13-37
114        <service
114-->[androidx.work:work-runtime:2.9.0] AndroidManifest.xml:46:9-52:35
115            android:name="androidx.work.impl.background.systemjob.SystemJobService"
115-->[androidx.work:work-runtime:2.9.0] AndroidManifest.xml:47:13-84
116            android:directBootAware="false"
116-->[androidx.work:work-runtime:2.9.0] AndroidManifest.xml:48:13-44
117            android:enabled="@bool/enable_system_job_service_default"
117-->[androidx.work:work-runtime:2.9.0] AndroidManifest.xml:49:13-70
118            android:exported="true"
118-->[androidx.work:work-runtime:2.9.0] AndroidManifest.xml:50:13-36
119            android:permission="android.permission.BIND_JOB_SERVICE" />
119-->[androidx.work:work-runtime:2.9.0] AndroidManifest.xml:51:13-69
120        <service
120-->[androidx.work:work-runtime:2.9.0] AndroidManifest.xml:53:9-59:35
121            android:name="androidx.work.impl.foreground.SystemForegroundService"
121-->[androidx.work:work-runtime:2.9.0] AndroidManifest.xml:54:13-81
122            android:directBootAware="false"
122-->[androidx.work:work-runtime:2.9.0] AndroidManifest.xml:55:13-44
123            android:enabled="@bool/enable_system_foreground_service_default"
123-->[androidx.work:work-runtime:2.9.0] AndroidManifest.xml:56:13-77
124            android:exported="false" />
124-->[androidx.work:work-runtime:2.9.0] AndroidManifest.xml:57:13-37
125
126        <receiver
126-->[androidx.work:work-runtime:2.9.0] AndroidManifest.xml:61:9-66:35
127            android:name="androidx.work.impl.utils.ForceStopRunnable$BroadcastReceiver"
127-->[androidx.work:work-runtime:2.9.0] AndroidManifest.xml:62:13-88
128            android:directBootAware="false"
128-->[androidx.work:work-runtime:2.9.0] AndroidManifest.xml:63:13-44
129            android:enabled="true"
129-->[androidx.work:work-runtime:2.9.0] AndroidManifest.xml:64:13-35
130            android:exported="false" />
130-->[androidx.work:work-runtime:2.9.0] AndroidManifest.xml:65:13-37
131        <receiver
131-->[androidx.work:work-runtime:2.9.0] AndroidManifest.xml:67:9-77:20
132            android:name="androidx.work.impl.background.systemalarm.ConstraintProxy$BatteryChargingProxy"
132-->[androidx.work:work-runtime:2.9.0] AndroidManifest.xml:68:13-106
133            android:directBootAware="false"
133-->[androidx.work:work-runtime:2.9.0] AndroidManifest.xml:69:13-44
134            android:enabled="false"
134-->[androidx.work:work-runtime:2.9.0] AndroidManifest.xml:70:13-36
135            android:exported="false" >
135-->[androidx.work:work-runtime:2.9.0] AndroidManifest.xml:71:13-37
136            <intent-filter>
136-->[androidx.work:work-runtime:2.9.0] AndroidManifest.xml:73:13-76:29
137                <action android:name="android.intent.action.ACTION_POWER_CONNECTED" />
137-->[androidx.work:work-runtime:2.9.0] AndroidManifest.xml:74:17-87
137-->[androidx.work:work-runtime:2.9.0] AndroidManifest.xml:74:25-84
138                <action android:name="android.intent.action.ACTION_POWER_DISCONNECTED" />
138-->[androidx.work:work-runtime:2.9.0] AndroidManifest.xml:75:17-90
138-->[androidx.work:work-runtime:2.9.0] AndroidManifest.xml:75:25-87
139            </intent-filter>
140        </receiver>
141        <receiver
141-->[androidx.work:work-runtime:2.9.0] AndroidManifest.xml:78:9-88:20
142            android:name="androidx.work.impl.background.systemalarm.ConstraintProxy$BatteryNotLowProxy"
142-->[androidx.work:work-runtime:2.9.0] AndroidManifest.xml:79:13-104
143            android:directBootAware="false"
143-->[androidx.work:work-runtime:2.9.0] AndroidManifest.xml:80:13-44
144            android:enabled="false"
144-->[androidx.work:work-runtime:2.9.0] AndroidManifest.xml:81:13-36
145            android:exported="false" >
145-->[androidx.work:work-runtime:2.9.0] AndroidManifest.xml:82:13-37
146            <intent-filter>
146-->[androidx.work:work-runtime:2.9.0] AndroidManifest.xml:84:13-87:29
147                <action android:name="android.intent.action.BATTERY_OKAY" />
147-->[androidx.work:work-runtime:2.9.0] AndroidManifest.xml:85:17-77
147-->[androidx.work:work-runtime:2.9.0] AndroidManifest.xml:85:25-74
148                <action android:name="android.intent.action.BATTERY_LOW" />
148-->[androidx.work:work-runtime:2.9.0] AndroidManifest.xml:86:17-76
148-->[androidx.work:work-runtime:2.9.0] AndroidManifest.xml:86:25-73
149            </intent-filter>
150        </receiver>
151        <receiver
151-->[androidx.work:work-runtime:2.9.0] AndroidManifest.xml:89:9-99:20
152            android:name="androidx.work.impl.background.systemalarm.ConstraintProxy$StorageNotLowProxy"
152-->[androidx.work:work-runtime:2.9.0] AndroidManifest.xml:90:13-104
153            android:directBootAware="false"
153-->[androidx.work:work-runtime:2.9.0] AndroidManifest.xml:91:13-44
154            android:enabled="false"
154-->[androidx.work:work-runtime:2.9.0] AndroidManifest.xml:92:13-36
155            android:exported="false" >
155-->[androidx.work:work-runtime:2.9.0] AndroidManifest.xml:93:13-37
156            <intent-filter>
156-->[androidx.work:work-runtime:2.9.0] AndroidManifest.xml:95:13-98:29
157                <action android:name="android.intent.action.DEVICE_STORAGE_LOW" />
157-->[androidx.work:work-runtime:2.9.0] AndroidManifest.xml:96:17-83
157-->[androidx.work:work-runtime:2.9.0] AndroidManifest.xml:96:25-80
158                <action android:name="android.intent.action.DEVICE_STORAGE_OK" />
158-->[androidx.work:work-runtime:2.9.0] AndroidManifest.xml:97:17-82
158-->[androidx.work:work-runtime:2.9.0] AndroidManifest.xml:97:25-79
159            </intent-filter>
160        </receiver>
161        <receiver
161-->[androidx.work:work-runtime:2.9.0] AndroidManifest.xml:100:9-109:20
162            android:name="androidx.work.impl.background.systemalarm.ConstraintProxy$NetworkStateProxy"
162-->[androidx.work:work-runtime:2.9.0] AndroidManifest.xml:101:13-103
163            android:directBootAware="false"
163-->[androidx.work:work-runtime:2.9.0] AndroidManifest.xml:102:13-44
164            android:enabled="false"
164-->[androidx.work:work-runtime:2.9.0] AndroidManifest.xml:103:13-36
165            android:exported="false" >
165-->[androidx.work:work-runtime:2.9.0] AndroidManifest.xml:104:13-37
166            <intent-filter>
166-->[androidx.work:work-runtime:2.9.0] AndroidManifest.xml:106:13-108:29
167                <action android:name="android.net.conn.CONNECTIVITY_CHANGE" />
167-->[androidx.work:work-runtime:2.9.0] AndroidManifest.xml:107:17-79
167-->[androidx.work:work-runtime:2.9.0] AndroidManifest.xml:107:25-76
168            </intent-filter>
169        </receiver>
170        <receiver
170-->[androidx.work:work-runtime:2.9.0] AndroidManifest.xml:110:9-121:20
171            android:name="androidx.work.impl.background.systemalarm.RescheduleReceiver"
171-->[androidx.work:work-runtime:2.9.0] AndroidManifest.xml:111:13-88
172            android:directBootAware="false"
172-->[androidx.work:work-runtime:2.9.0] AndroidManifest.xml:112:13-44
173            android:enabled="false"
173-->[androidx.work:work-runtime:2.9.0] AndroidManifest.xml:113:13-36
174            android:exported="false" >
174-->[androidx.work:work-runtime:2.9.0] AndroidManifest.xml:114:13-37
175            <intent-filter>
175-->[androidx.work:work-runtime:2.9.0] AndroidManifest.xml:116:13-120:29
176                <action android:name="android.intent.action.BOOT_COMPLETED" />
176-->[androidx.work:work-runtime:2.9.0] AndroidManifest.xml:117:17-79
176-->[androidx.work:work-runtime:2.9.0] AndroidManifest.xml:117:25-76
177                <action android:name="android.intent.action.TIME_SET" />
177-->[androidx.work:work-runtime:2.9.0] AndroidManifest.xml:118:17-73
177-->[androidx.work:work-runtime:2.9.0] AndroidManifest.xml:118:25-70
178                <action android:name="android.intent.action.TIMEZONE_CHANGED" />
178-->[androidx.work:work-runtime:2.9.0] AndroidManifest.xml:119:17-81
178-->[androidx.work:work-runtime:2.9.0] AndroidManifest.xml:119:25-78
179            </intent-filter>
180        </receiver>
181        <receiver
181-->[androidx.work:work-runtime:2.9.0] AndroidManifest.xml:122:9-131:20
182            android:name="androidx.work.impl.background.systemalarm.ConstraintProxyUpdateReceiver"
182-->[androidx.work:work-runtime:2.9.0] AndroidManifest.xml:123:13-99
183            android:directBootAware="false"
183-->[androidx.work:work-runtime:2.9.0] AndroidManifest.xml:124:13-44
184            android:enabled="@bool/enable_system_alarm_service_default"
184-->[androidx.work:work-runtime:2.9.0] AndroidManifest.xml:125:13-72
185            android:exported="false" >
185-->[androidx.work:work-runtime:2.9.0] AndroidManifest.xml:126:13-37
186            <intent-filter>
186-->[androidx.work:work-runtime:2.9.0] AndroidManifest.xml:128:13-130:29
187                <action android:name="androidx.work.impl.background.systemalarm.UpdateProxies" />
187-->[androidx.work:work-runtime:2.9.0] AndroidManifest.xml:129:17-98
187-->[androidx.work:work-runtime:2.9.0] AndroidManifest.xml:129:25-95
188            </intent-filter>
189        </receiver>
190        <receiver
190-->[androidx.work:work-runtime:2.9.0] AndroidManifest.xml:132:9-142:20
191            android:name="androidx.work.impl.diagnostics.DiagnosticsReceiver"
191-->[androidx.work:work-runtime:2.9.0] AndroidManifest.xml:133:13-78
192            android:directBootAware="false"
192-->[androidx.work:work-runtime:2.9.0] AndroidManifest.xml:134:13-44
193            android:enabled="true"
193-->[androidx.work:work-runtime:2.9.0] AndroidManifest.xml:135:13-35
194            android:exported="true"
194-->[androidx.work:work-runtime:2.9.0] AndroidManifest.xml:136:13-36
195            android:permission="android.permission.DUMP" >
195-->[androidx.work:work-runtime:2.9.0] AndroidManifest.xml:137:13-57
196            <intent-filter>
196-->[androidx.work:work-runtime:2.9.0] AndroidManifest.xml:139:13-141:29
197                <action android:name="androidx.work.diagnostics.REQUEST_DIAGNOSTICS" />
197-->[androidx.work:work-runtime:2.9.0] AndroidManifest.xml:140:17-88
197-->[androidx.work:work-runtime:2.9.0] AndroidManifest.xml:140:25-85
198            </intent-filter>
199        </receiver>
200
201        <uses-library
201-->[androidx.window:window:1.0.0] AndroidManifest.xml:25:9-27:40
202            android:name="androidx.window.extensions"
202-->[androidx.window:window:1.0.0] AndroidManifest.xml:26:13-54
203            android:required="false" />
203-->[androidx.window:window:1.0.0] AndroidManifest.xml:27:13-37
204        <uses-library
204-->[androidx.window:window:1.0.0] AndroidManifest.xml:28:9-30:40
205            android:name="androidx.window.sidecar"
205-->[androidx.window:window:1.0.0] AndroidManifest.xml:29:13-51
206            android:required="false" />
206-->[androidx.window:window:1.0.0] AndroidManifest.xml:30:13-37
207
208        <service
208-->[androidx.room:room-runtime:2.6.1] AndroidManifest.xml:24:9-28:63
209            android:name="androidx.room.MultiInstanceInvalidationService"
209-->[androidx.room:room-runtime:2.6.1] AndroidManifest.xml:25:13-74
210            android:directBootAware="true"
210-->[androidx.room:room-runtime:2.6.1] AndroidManifest.xml:26:13-43
211            android:exported="false" />
211-->[androidx.room:room-runtime:2.6.1] AndroidManifest.xml:27:13-37
212
213        <receiver
213-->[androidx.profileinstaller:profileinstaller:1.3.1] AndroidManifest.xml:34:9-52:20
214            android:name="androidx.profileinstaller.ProfileInstallReceiver"
214-->[androidx.profileinstaller:profileinstaller:1.3.1] AndroidManifest.xml:35:13-76
215            android:directBootAware="false"
215-->[androidx.profileinstaller:profileinstaller:1.3.1] AndroidManifest.xml:36:13-44
216            android:enabled="true"
216-->[androidx.profileinstaller:profileinstaller:1.3.1] AndroidManifest.xml:37:13-35
217            android:exported="true"
217-->[androidx.profileinstaller:profileinstaller:1.3.1] AndroidManifest.xml:38:13-36
218            android:permission="android.permission.DUMP" >
218-->[androidx.profileinstaller:profileinstaller:1.3.1] AndroidManifest.xml:39:13-57
219            <intent-filter>
219-->[androidx.profileinstaller:profileinstaller:1.3.1] AndroidManifest.xml:40:13-42:29
220                <action android:name="androidx.profileinstaller.action.INSTALL_PROFILE" />
220-->[androidx.profileinstaller:profileinstaller:1.3.1] AndroidManifest.xml:41:17-91
220-->[androidx.profileinstaller:profileinstaller:1.3.1] AndroidManifest.xml:41:25-88
221            </intent-filter>
222            <intent-filter>
222-->[androidx.profileinstaller:profileinstaller:1.3.1] AndroidManifest.xml:43:13-45:29
223                <action android:name="androidx.profileinstaller.action.SKIP_FILE" />
223-->[androidx.profileinstaller:profileinstaller:1.3.1] AndroidManifest.xml:44:17-85
223-->[androidx.profileinstaller:profileinstaller:1.3.1] AndroidManifest.xml:44:25-82
224            </intent-filter>
225            <intent-filter>
225-->[androidx.profileinstaller:profileinstaller:1.3.1] AndroidManifest.xml:46:13-48:29
226                <action android:name="androidx.profileinstaller.action.SAVE_PROFILE" />
226-->[androidx.profileinstaller:profileinstaller:1.3.1] AndroidManifest.xml:47:17-88
226-->[androidx.profileinstaller:profileinstaller:1.3.1] AndroidManifest.xml:47:25-85
227            </intent-filter>
228            <intent-filter>
228-->[androidx.profileinstaller:profileinstaller:1.3.1] AndroidManifest.xml:49:13-51:29
229                <action android:name="androidx.profileinstaller.action.BENCHMARK_OPERATION" />
229-->[androidx.profileinstaller:profileinstaller:1.3.1] AndroidManifest.xml:50:17-95
229-->[androidx.profileinstaller:profileinstaller:1.3.1] AndroidManifest.xml:50:25-92
230            </intent-filter>
231        </receiver>
232    </application>
233
234</manifest>